2018-08-14 08:50:27.442 +0000 [main] DEBUG ai.quantumsense.tgmonitor.ipc.ui.Connector - Establishing connection to RabbitMQ server on amqp://amqfllur:l_tWStwC9c4df4qtXBtLxBnVpr73Z9MG@fish.rmq.cloudamqp.com/amqfllur
2018-08-14 08:50:29.746 +0000 [main] DEBUG ai.quantumsense.tgmonitor.ipc.ui.RequestSender - Declaring response queue responses_to_ui-ac1fe2df-8aa1-4a9b-b71a-5a558cb10132
2018-08-14 08:50:30.109 +0000 [main] DEBUG ai.quantumsense.tgmonitor.ipc.ui.RequestSender - Sending request <name=is_logged_in, args=[]> with correlation ID 0ac76934-cf25-4577-bf09-b86aa0979eb5 on queue requests_to_core
2018-08-14 08:50:30.495 +0000 [main] DEBUG ai.quantumsense.tgmonitor.ipc.ui.RequestSender - Starting listening for response on queue responses_to_ui-ac1fe2df-8aa1-4a9b-b71a-5a558cb10132 with consumer amq.ctag-Hg6Jj3loLmkw1PKJylfPTw
2018-08-14 08:50:30.580 +0000 [pool-1-thread-4] DEBUG ai.quantumsense.tgmonitor.ipc.ui.RequestSender - Received response <true> with matching correlation ID 0ac76934-cf25-4577-bf09-b86aa0979eb5
2018-08-14 08:50:30.583 +0000 [main] DEBUG ai.quantumsense.tgmonitor.ipc.ui.RequestSender - Sending request <name=get_phone_number, args=[]> with correlation ID f765122b-19a5-46e6-881d-c81585af2c15 on queue requests_to_core
2018-08-14 08:50:30.924 +0000 [main] DEBUG ai.quantumsense.tgmonitor.ipc.ui.RequestSender - Starting listening for response on queue responses_to_ui-ac1fe2df-8aa1-4a9b-b71a-5a558cb10132 with consumer amq.ctag-XbX101fVb-xLLsvJZtzK_Q
2018-08-14 08:50:31.241 +0000 [pool-1-thread-5] DEBUG ai.quantumsense.tgmonitor.ipc.ui.RequestSender - Received response <+41798310140> with matching correlation ID f765122b-19a5-46e6-881d-c81585af2c15
2018-08-14 08:50:31.244 +0000 [pool-1-thread-5] ERROR com.rabbitmq.client.impl.ForgivingExceptionHandler - Consumer com.rabbitmq.client.impl.recovery.AutorecoveringChannel$2@5e42fb3b (amq.ctag-Hg6Jj3loLmkw1PKJylfPTw) method handleDelivery for channel AMQChannel(amqp://amqfllur@184.72.215.102:5672/amqfllur,1) threw an exception for channel AMQChannel(amqp://amqfllur@184.72.215.102:5672/amqfllur,1)
2018-08-14 08:50:31.244 +0000 [main] DEBUG ai.quantumsense.tgmonitor.ipc.ui.RequestSender - Sending request <name=is_running, args=[]> with correlation ID 30ab99a5-2cd9-4dc8-8fa5-0c1cba58df64 on queue requests_to_core
java.io.IOException: Unknown consumerTag
	at com.rabbitmq.client.impl.ChannelN.basicCancel(ChannelN.java:1461)
	at com.rabbitmq.client.impl.recovery.AutorecoveringChannel.basicCancel(AutorecoveringChannel.java:650)
	at ai.quantumsense.tgmonitor.ipc.ui.RequestSender.handleResponse(RequestSender.java:115)
	at com.rabbitmq.client.impl.recovery.AutorecoveringChannel$2.handleDelivery(AutorecoveringChannel.java:585)
	at com.rabbitmq.client.impl.ConsumerDispatcher$5.run(ConsumerDispatcher.java:149)
	at com.rabbitmq.client.impl.ConsumerWorkService$WorkPoolRunnable.run(ConsumerWorkService.java:104)
	at java.util.concurrent.ThreadPoolExecutor.runWorker(ThreadPoolExecutor.java:1149)
	at java.util.concurrent.ThreadPoolExecutor$Worker.run(ThreadPoolExecutor.java:624)
	at java.lang.Thread.run(Thread.java:748)
